Added Component: Designator=C1(CAP_CC0805_YAG)
Add component (AddParameter): Name = "Mfr_Name"; Value = "Yageo"; VariantName = "[No Variations]"
Add component (AddParameter): Name = "RefDes"; Value = ""; VariantName = "[No Variations]"
Add component (AddParameter): Name = "Type"; Value = ""; VariantName = "[No Variations]"
Added Component: Designator=C2(CAP_CC0805_YAG)
Add component (AddParameter): Name = "Mfr_Name"; Value = "Yageo"; VariantName = "[No Variations]"
Add component (AddParameter): Name = "RefDes"; Value = ""; VariantName = "[No Variations]"
Add component (AddParameter): Name = "Type"; Value = ""; VariantName = "[No Variations]"
Added Component: Designator=C3(CC0805N_YAG)
Add component (AddParameter): Name = "Mfr_Name"; Value = "Yageo"; VariantName = "[No Variations]"
Add component (AddParameter): Name = "RefDes"; Value = ""; VariantName = "[No Variations]"
Add component (AddParameter): Name = "Type"; Value = ""; VariantName = "[No Variations]"
Added Component: Designator=C4(CAP_PAN_EEE_B_PAN)
Add component (AddParameter): Name = "Mfr_Name"; Value = "Panasonic"; VariantName = "[No Variations]"
Add component (AddParameter): Name = "RefDes"; Value = ""; VariantName = "[No Variations]"
Add component (AddParameter): Name = "Type"; Value = ""; VariantName = "[No Variations]"
Added Component: Designator=C5(CAP_CL21B105KAFNNNE_SAM)
Add component (AddParameter): Name = "Mfr_Name"; Value = "Samsung"; VariantName = "[No Variations]"
Add component (AddParameter): Name = "RefDes"; Value = ""; VariantName = "[No Variations]"
Add component (AddParameter): Name = "Type"; Value = ""; VariantName = "[No Variations]"
Added Component: Designator=C6(CAP_CL21B105KAFNNNE_SAM)
Add component (AddParameter): Name = "Mfr_Name"; Value = "Samsung"; VariantName = "[No Variations]"
Add component (AddParameter): Name = "RefDes"; Value = ""; VariantName = "[No Variations]"
Add component (AddParameter): Name = "Type"; Value = ""; VariantName = "[No Variations]"
Added Component: Designator=C7(CAP_PAN_EEE_B_PAN)
Add component (AddParameter): Name = "Mfr_Name"; Value = "Panasonic"; VariantName = "[No Variations]"
Add component (AddParameter): Name = "RefDes"; Value = ""; VariantName = "[No Variations]"
Add component (AddParameter): Name = "Type"; Value = ""; VariantName = "[No Variations]"
Added Component: Designator=C8(CC0805N_YAG)
Add component (AddParameter): Name = "Mfr_Name"; Value = "Yageo"; VariantName = "[No Variations]"
Add component (AddParameter): Name = "RefDes"; Value = ""; VariantName = "[No Variations]"
Add component (AddParameter): Name = "Type"; Value = ""; VariantName = "[No Variations]"
Added Component: Designator=C9(CC0805N_YAG)
Add component (AddParameter): Name = "Mfr_Name"; Value = "Yageo"; VariantName = "[No Variations]"
Add component (AddParameter): Name = "RefDes"; Value = ""; VariantName = "[No Variations]"
Add component (AddParameter): Name = "Type"; Value = ""; VariantName = "[No Variations]"
Added Component: Designator=C10(CC0805N_YAG)
Add component (AddParameter): Name = "Mfr_Name"; Value = "Yageo"; VariantName = "[No Variations]"
Add component (AddParameter): Name = "RefDes"; Value = ""; VariantName = "[No Variations]"
Add component (AddParameter): Name = "Type"; Value = ""; VariantName = "[No Variations]"
Added Component: Designator=C11(CAP_CL21B105KAFNNNE_SAM)
Add component (AddParameter): Name = "Mfr_Name"; Value = "Samsung"; VariantName = "[No Variations]"
Add component (AddParameter): Name = "RefDes"; Value = ""; VariantName = "[No Variations]"
Add component (AddParameter): Name = "Type"; Value = ""; VariantName = "[No Variations]"
Added Component: Designator=CR1(DIODE_SS1P3L-M384A_VIS)
Add component (AddParameter): Name = "Mfr_Name"; Value = "Vishay"; VariantName = "[No Variations]"
Add component (AddParameter): Name = "RefDes"; Value = "RefDes"; VariantName = "[No Variations]"
Add component (AddParameter): Name = "Type"; Value = "Type"; VariantName = "[No Variations]"
Added Component: Designator=D1(LED_150060RS75000)
Add component (AddParameter): Name = "Availability"; Value = "Unavailable"; VariantName = "[No Variations]"
Add component (AddParameter): Name = "MF"; Value = ""; VariantName = "[No Variations]"
Add component (AddParameter): Name = "MP"; Value = "150060RS75000"; VariantName = "[No Variations]"
Add component (AddParameter): Name = "Package"; Value = "None"; VariantName = "[No Variations]"
Add component (AddParameter): Name = "Price"; Value = "None"; VariantName = "[No Variations]"
Add component (AddParameter): Name = "Value"; Value = ""; VariantName = "[No Variations]"
Added Component: Designator=F1(FUSE_MF-FSMF050X_BRN)
Add component (AddParameter): Name = "Mfr_Name"; Value = "Bourns Electronics"; VariantName = "[No Variations]"
Add component (AddParameter): Name = "RefDes"; Value = ""; VariantName = "[No Variations]"
Add component (AddParameter): Name = "Type"; Value = ""; VariantName = "[No Variations]"
Added Component: Designator=IC1(SSOP28-LD)
Add component (AddParameter): Name = "Check_prices"; Value = "https://www.snapeda.com/parts/FT232RL-TUBE/FTDI%252C+Future+Technology+Devices+International+Ltd/view-part/?ref=eda"; VariantName = "[No Variations]"
Add component (AddParameter): Name = "Digi-Key_Part_Number"; Value = "768-1306-ND"; VariantName = "[No Variations]"
Add component (AddParameter): Name = "MF"; Value = "FTDI,"; VariantName = "[No Variations]"
Add component (AddParameter): Name = "MP"; Value = "FT232RL-TUBE"; VariantName = "[No Variations]"
Add component (AddParameter): Name = "Package"; Value = "SSOP-28 FTDI"; VariantName = "[No Variations]"
Add component (AddParameter): Name = "Purchase-URL"; Value = "https://pricing.snapeda.com/search/part/FT232RL-TUBE/?ref=eda"; VariantName = "[No Variations]"
Add component (AddParameter): Name = "SnapEDA_Link"; Value = "https://www.snapeda.com/parts/FT232RL-TUBE/FTDI%252C+Future+Technology+Devices+International+Ltd/view-part/?ref=snap"; VariantName = "[No Variations]"
Add component (AddParameter): Name = "Value"; Value = ""; VariantName = "[No Variations]"
Added Component: Designator=J1(CONN_1734753-1)
Add component (AddParameter): Name = "Availability"; Value = "In Stock"; VariantName = "[No Variations]"
Add component (AddParameter): Name = "Centerline_Pitch"; Value = ".8 mm[.031 in]"; VariantName = "[No Variations]"
Add component (AddParameter): Name = "Check_prices"; Value = "https://www.snapeda.com/parts/1734753-1/TE+Connectivity+AMP+Connectors/view-part/?ref=eda"; VariantName = "[No Variations]"
Add component (AddParameter): Name = "EU_RoHS_Compliance"; Value = "Compliant"; VariantName = "[No Variations]"
Add component (AddParameter): Name = "MF"; Value = "TE Connectivity"; VariantName = "[No Variations]"
Add component (AddParameter): Name = "MP"; Value = "1734753-1"; VariantName = "[No Variations]"
Add component (AddParameter): Name = "Number_of_Positions"; Value = "5"; VariantName = "[No Variations]"
Add component (AddParameter): Name = "Package"; Value = "None"; VariantName = "[No Variations]"
Add component (AddParameter): Name = "Price"; Value = "None"; VariantName = "[No Variations]"
Add component (AddParameter): Name = "Product_Type"; Value = "Connector"; VariantName = "[No Variations]"
Add component (AddParameter): Name = "Purchase-URL"; Value = "https://pricing.snapeda.com/search/part/1734753-1/?ref=eda"; VariantName = "[No Variations]"
Add component (AddParameter): Name = "SnapEDA_Link"; Value = "https://www.snapeda.com/parts/1734753-1/TE+Connectivity+AMP+Connectors/view-part/?ref=snap"; VariantName = "[No Variations]"
Add component (AddParameter): Name = "Value"; Value = ""; VariantName = "[No Variations]"
Added Component: Designator=J2(MOLEX_768290102)
Add component (AddParameter): Name = "Availability"; Value = "Unavailable"; VariantName = "[No Variations]"
Add component (AddParameter): Name = "MF"; Value = ""; VariantName = "[No Variations]"
Add component (AddParameter): Name = "MP"; Value = "768290102"; VariantName = "[No Variations]"
Add component (AddParameter): Name = "Package"; Value = "None"; VariantName = "[No Variations]"
Add component (AddParameter): Name = "Price"; Value = "None"; VariantName = "[No Variations]"
Add component (AddParameter): Name = "Value"; Value = ""; VariantName = "[No Variations]"
Added Component: Designator=LED1(LED_150060GS75000_WRE)
Add component (AddParameter): Name = "Mfr_Name"; Value = "Wurth Electronics"; VariantName = "[No Variations]"
Add component (AddParameter): Name = "RefDes"; Value = ""; VariantName = "[No Variations]"
Add component (AddParameter): Name = "Type"; Value = ""; VariantName = "[No Variations]"
Added Component: Designator=LED2(LED_150060GS75000_WRE)
Add component (AddParameter): Name = "Mfr_Name"; Value = "Wurth Electronics"; VariantName = "[No Variations]"
Add component (AddParameter): Name = "RefDes"; Value = ""; VariantName = "[No Variations]"
Add component (AddParameter): Name = "Type"; Value = ""; VariantName = "[No Variations]"
Added Component: Designator=LS1(XDCR_AT-1224-TWT-5V-2-R)
Add component (AddParameter): Name = "Availability"; Value = "Unavailable"; VariantName = "[No Variations]"
Add component (AddParameter): Name = "MF"; Value = ""; VariantName = "[No Variations]"
Add component (AddParameter): Name = "MP"; Value = "AT-1224-TWT-5V-2-R"; VariantName = "[No Variations]"
Add component (AddParameter): Name = "Package"; Value = "None"; VariantName = "[No Variations]"
Add component (AddParameter): Name = "Price"; Value = "None"; VariantName = "[No Variations]"
Add component (AddParameter): Name = "Value"; Value = ""; VariantName = "[No Variations]"
Added Component: Designator=R1(RC0805N_YAG)
Add component (AddParameter): Name = "Mfr_Name"; Value = "Yageo"; VariantName = "[No Variations]"
Add component (AddParameter): Name = "RefDes"; Value = ""; VariantName = "[No Variations]"
Add component (AddParameter): Name = "Type"; Value = ""; VariantName = "[No Variations]"
Added Component: Designator=R2(RC0805N_YAG)
Add component (AddParameter): Name = "Mfr_Name"; Value = "Yageo"; VariantName = "[No Variations]"
Add component (AddParameter): Name = "RefDes"; Value = ""; VariantName = "[No Variations]"
Add component (AddParameter): Name = "Type"; Value = ""; VariantName = "[No Variations]"
Added Component: Designator=R3(RES_CRCW_0805_VIS)
Add component (AddParameter): Name = "Mfr_Name"; Value = "Vishay"; VariantName = "[No Variations]"
Add component (AddParameter): Name = "RefDes"; Value = ""; VariantName = "[No Variations]"
Add component (AddParameter): Name = "Type"; Value = ""; VariantName = "[No Variations]"
Added Component: Designator=R4(RES_CRCW_0805_VIS)
Add component (AddParameter): Name = "Mfr_Name"; Value = "Vishay"; VariantName = "[No Variations]"
Add component (AddParameter): Name = "RefDes"; Value = ""; VariantName = "[No Variations]"
Add component (AddParameter): Name = "Type"; Value = ""; VariantName = "[No Variations]"
Added Component: Designator=R5(RC0805N_YAG)
Add component (AddParameter): Name = "Mfr_Name"; Value = "Yageo"; VariantName = "[No Variations]"
Add component (AddParameter): Name = "RefDes"; Value = ""; VariantName = "[No Variations]"
Add component (AddParameter): Name = "Type"; Value = ""; VariantName = "[No Variations]"
Added Component: Designator=R6(RC0805N_YAG)
Add component (AddParameter): Name = "Mfr_Name"; Value = "Yageo"; VariantName = "[No Variations]"
Add component (AddParameter): Name = "RefDes"; Value = ""; VariantName = "[No Variations]"
Add component (AddParameter): Name = "Type"; Value = ""; VariantName = "[No Variations]"
Added Component: Designator=R7(RC0805N_YAG)
Add component (AddParameter): Name = "Mfr_Name"; Value = "Yageo"; VariantName = "[No Variations]"
Add component (AddParameter): Name = "RefDes"; Value = ""; VariantName = "[No Variations]"
Add component (AddParameter): Name = "Type"; Value = ""; VariantName = "[No Variations]"
Added Component: Designator=R8(RC0805N_YAG)
Add component (AddParameter): Name = "Mfr_Name"; Value = "Yageo"; VariantName = "[No Variations]"
Add component (AddParameter): Name = "RefDes"; Value = ""; VariantName = "[No Variations]"
Add component (AddParameter): Name = "Type"; Value = ""; VariantName = "[No Variations]"
Added Component: Designator=R9(RC0805N_YAG)
Add component (AddParameter): Name = "Mfr_Name"; Value = "Yageo"; VariantName = "[No Variations]"
Add component (AddParameter): Name = "RefDes"; Value = ""; VariantName = "[No Variations]"
Add component (AddParameter): Name = "Type"; Value = ""; VariantName = "[No Variations]"
Added Component: Designator=R10(RC0805N_YAG)
Add component (AddParameter): Name = "Mfr_Name"; Value = "Yageo"; VariantName = "[No Variations]"
Add component (AddParameter): Name = "RefDes"; Value = ""; VariantName = "[No Variations]"
Add component (AddParameter): Name = "Type"; Value = ""; VariantName = "[No Variations]"
Added Component: Designator=R11(RC0805N_YAG)
Add component (AddParameter): Name = "Mfr_Name"; Value = "Yageo"; VariantName = "[No Variations]"
Add component (AddParameter): Name = "RefDes"; Value = ""; VariantName = "[No Variations]"
Add component (AddParameter): Name = "Type"; Value = ""; VariantName = "[No Variations]"
Added Component: Designator=R12(RC0805N_YAG)
Add component (AddParameter): Name = "Mfr_Name"; Value = "Yageo"; VariantName = "[No Variations]"
Add component (AddParameter): Name = "RefDes"; Value = ""; VariantName = "[No Variations]"
Add component (AddParameter): Name = "Type"; Value = ""; VariantName = "[No Variations]"
Added Component: Designator=R13(RC0805N_YAG)
Add component (AddParameter): Name = "Mfr_Name"; Value = "Yageo"; VariantName = "[No Variations]"
Add component (AddParameter): Name = "RefDes"; Value = ""; VariantName = "[No Variations]"
Add component (AddParameter): Name = "Type"; Value = ""; VariantName = "[No Variations]"
Added Component: Designator=R14(RC0805N_YAG)
Add component (AddParameter): Name = "Mfr_Name"; Value = "Yageo"; VariantName = "[No Variations]"
Add component (AddParameter): Name = "RefDes"; Value = ""; VariantName = "[No Variations]"
Add component (AddParameter): Name = "Type"; Value = ""; VariantName = "[No Variations]"
Added Component: Designator=R15(RES_CRG0805_TEC)
Add component (AddParameter): Name = "Mfr_Name"; Value = "TE Connectivity"; VariantName = "[No Variations]"
Add component (AddParameter): Name = "RefDes"; Value = ""; VariantName = "[No Variations]"
Add component (AddParameter): Name = "Type"; Value = ""; VariantName = "[No Variations]"
Added Component: Designator=R(RESC2012X65N)
Add component (AddParameter): Name = "Digi-Key_Part_Number"; Value = "A129741CT-ND"; VariantName = "[No Variations]"
Add component (AddParameter): Name = "DigiKey-Purchase-URL"; Value = "https://snapeda.com/shop?store=DigiKey&id=3188284"; VariantName = "[No Variations]"
Add component (AddParameter): Name = "MF"; Value = "TE Connectivity"; VariantName = "[No Variations]"
Add component (AddParameter): Name = "Mouser-Purchase-URL"; Value = "https://snapeda.com/shop?store=Mouser&id=3188284"; VariantName = "[No Variations]"
Add component (AddParameter): Name = "MP"; Value = "CRGCQ0805F220R"; VariantName = "[No Variations]"
Add component (AddParameter): Name = "Package"; Value = "2012 TE Connectivity"; VariantName = "[No Variations]"
Add component (AddParameter): Name = "SnapEDA_Link"; Value = "https://www.snapeda.com/parts/CRGCQ0805F220R/TE%20Connectivity%20Passive%20Product/view-part/3188284/?ref=snap"; VariantName = "[No Variations]"
Add component (AddParameter): Name = "Value"; Value = ""; VariantName = "[No Variations]"
Added Component: Designator=S1(SW_PTS636_SM43J_SMTR_LFS)
Add component (AddParameter): Name = "Availability"; Value = "Unavailable"; VariantName = "[No Variations]"
Add component (AddParameter): Name = "MF"; Value = ""; VariantName = "[No Variations]"
Add component (AddParameter): Name = "MP"; Value = "PTS636_SM43J_SMTR_LFS"; VariantName = "[No Variations]"
Add component (AddParameter): Name = "Package"; Value = "None"; VariantName = "[No Variations]"
Add component (AddParameter): Name = "Price"; Value = "None"; VariantName = "[No Variations]"
Add component (AddParameter): Name = "Value"; Value = ""; VariantName = "[No Variations]"
Added Component: Designator=S2(SW_PTS636_SM43J_SMTR_LFS)
Add component (AddParameter): Name = "Availability"; Value = "Unavailable"; VariantName = "[No Variations]"
Add component (AddParameter): Name = "MF"; Value = ""; VariantName = "[No Variations]"
Add component (AddParameter): Name = "MP"; Value = "PTS636_SM43J_SMTR_LFS"; VariantName = "[No Variations]"
Add component (AddParameter): Name = "Package"; Value = "None"; VariantName = "[No Variations]"
Add component (AddParameter): Name = "Price"; Value = "None"; VariantName = "[No Variations]"
Add component (AddParameter): Name = "Value"; Value = ""; VariantName = "[No Variations]"
Added Component: Designator=S3(SW_PTS636_SM43J_SMTR_LFS)
Add component (AddParameter): Name = "Availability"; Value = "Unavailable"; VariantName = "[No Variations]"
Add component (AddParameter): Name = "MF"; Value = ""; VariantName = "[No Variations]"
Add component (AddParameter): Name = "MP"; Value = "PTS636_SM43J_SMTR_LFS"; VariantName = "[No Variations]"
Add component (AddParameter): Name = "Package"; Value = "None"; VariantName = "[No Variations]"
Add component (AddParameter): Name = "Price"; Value = "None"; VariantName = "[No Variations]"
Add component (AddParameter): Name = "Value"; Value = ""; VariantName = "[No Variations]"
Added Component: Designator=S4(SW_PTS636_SM43J_SMTR_LFS)
Add component (AddParameter): Name = "Availability"; Value = "Unavailable"; VariantName = "[No Variations]"
Add component (AddParameter): Name = "MF"; Value = ""; VariantName = "[No Variations]"
Add component (AddParameter): Name = "MP"; Value = "PTS636_SM43J_SMTR_LFS"; VariantName = "[No Variations]"
Add component (AddParameter): Name = "Package"; Value = "None"; VariantName = "[No Variations]"
Add component (AddParameter): Name = "Price"; Value = "None"; VariantName = "[No Variations]"
Add component (AddParameter): Name = "Value"; Value = ""; VariantName = "[No Variations]"
Added Component: Designator=S5(SW_PTS636_SM43J_SMTR_LFS)
Add component (AddParameter): Name = "Availability"; Value = "Unavailable"; VariantName = "[No Variations]"
Add component (AddParameter): Name = "MF"; Value = ""; VariantName = "[No Variations]"
Add component (AddParameter): Name = "MP"; Value = "PTS636_SM43J_SMTR_LFS"; VariantName = "[No Variations]"
Add component (AddParameter): Name = "Package"; Value = "None"; VariantName = "[No Variations]"
Add component (AddParameter): Name = "Price"; Value = "None"; VariantName = "[No Variations]"
Add component (AddParameter): Name = "Value"; Value = ""; VariantName = "[No Variations]"
Added Component: Designator=S6(SW_PTS636_SM43J_SMTR_LFS)
Add component (AddParameter): Name = "Availability"; Value = "Unavailable"; VariantName = "[No Variations]"
Add component (AddParameter): Name = "MF"; Value = ""; VariantName = "[No Variations]"
Add component (AddParameter): Name = "MP"; Value = "PTS636_SM43J_SMTR_LFS"; VariantName = "[No Variations]"
Add component (AddParameter): Name = "Package"; Value = "None"; VariantName = "[No Variations]"
Add component (AddParameter): Name = "Price"; Value = "None"; VariantName = "[No Variations]"
Add component (AddParameter): Name = "Value"; Value = ""; VariantName = "[No Variations]"
Added Component: Designator=(CC0805N_YAG)
Add component (AddParameter): Name = "Mfr_Name"; Value = "Yageo"; VariantName = "[No Variations]"
Add component (AddParameter): Name = "RefDes"; Value = ""; VariantName = "[No Variations]"
Add component (AddParameter): Name = "Type"; Value = ""; VariantName = "[No Variations]"
Added Component: Designator=U1(32M1-A_ATM)
Add component (AddParameter): Name = "Mfr_Name"; Value = "Microchip"; VariantName = "[No Variations]"
Add component (AddParameter): Name = "RefDes"; Value = "RefDes"; VariantName = "[No Variations]"
Add component (AddParameter): Name = "Type"; Value = "Type"; VariantName = "[No Variations]"
Added Component: Designator=U2(MODULE_DM-OLED096-636)
Add component (AddParameter): Name = "Check_prices"; Value = "https://www.snapeda.com/parts/DM-OLED096-636/Display+Module/view-part/?ref=eda"; VariantName = "[No Variations]"
Add component (AddParameter): Name = "MF"; Value = "Display Module"; VariantName = "[No Variations]"
Add component (AddParameter): Name = "MP"; Value = "DM-OLED096-636"; VariantName = "[No Variations]"
Add component (AddParameter): Name = "Package"; Value = "Package"; VariantName = "[No Variations]"
Add component (AddParameter): Name = "SnapEDA_Link"; Value = "https://www.snapeda.com/parts/DM-OLED096-636/Display+Module/view-part/?ref=snap"; VariantName = "[No Variations]"
Add component (AddParameter): Name = "Value"; Value = ""; VariantName = "[No Variations]"
Added Component: Designator=U3(DCY0004A_N)
Add component (AddParameter): Name = "Mfr_Name"; Value = "Texas Instruments"; VariantName = "[No Variations]"
Add component (AddParameter): Name = "RefDes"; Value = "RefDes"; VariantName = "[No Variations]"
Add component (AddParameter): Name = "TYPE"; Value = "TYPE"; VariantName = "[No Variations]"
Added Component: Designator=X1(XTAL4P_ABM8W_ABR)
Add component (AddParameter): Name = "Mfr_Name"; Value = "Abracon"; VariantName = "[No Variations]"
Add component (AddParameter): Name = "RefDes"; Value = "RefDes"; VariantName = "[No Variations]"
Add component (AddParameter): Name = "Type"; Value = "Crystals"; VariantName = "[No Variations]"
Added Pin To Net: NetName=+5 Pin=C4-1
Added Pin To Net: NetName=+5 Pin=C5-2
Added Pin To Net: NetName=+5 Pin=C6-2
Added Pin To Net: NetName=+5 Pin=C9-2
Added Pin To Net: NetName=+5 Pin=C11-2
Added Pin To Net: NetName=+5 Pin=CR1-1
Added Pin To Net: NetName=+5 Pin=D1-2
Added Pin To Net: NetName=+5 Pin=IC1-4
Added Pin To Net: NetName=+5 Pin=IC1-20
Added Pin To Net: NetName=+5 Pin=LED1-2
Added Pin To Net: NetName=+5 Pin=R3-2
Added Pin To Net: NetName=+5 Pin=R4-2
Added Pin To Net: NetName=+5 Pin=R5-1
Added Pin To Net: NetName=+5 Pin=R11-2
Added Pin To Net: NetName=+5 Pin=U1-4
Added Pin To Net: NetName=+5 Pin=U1-6
Added Pin To Net: NetName=+5 Pin=U1-18
Added Pin To Net: NetName=+5 Pin=U2-2
Added Pin To Net: NetName=+5 Pin=U3-2
Added Pin To Net: NetName=+5 Pin=U3-4
Added Net: Name=+5
Added Pin To Net: NetName=3.3 Pin=C10-2
Added Pin To Net: NetName=3.3 Pin=IC1-17
Added Net: Name=3.3
Added Pin To Net: NetName=AREF Pin=C3-2
Added Pin To Net: NetName=AREF Pin=U1-20
Added Net: Name=AREF
Added Pin To Net: NetName=BTN1 Pin=R6-1
Added Pin To Net: NetName=BTN1 Pin=U1-10
Added Net: Name=BTN1
Added Pin To Net: NetName=BTN2 Pin=R7-1
Added Pin To Net: NetName=BTN2 Pin=U1-11
Added Net: Name=BTN2
Added Pin To Net: NetName=BTN3 Pin=R8-1
Added Pin To Net: NetName=BTN3 Pin=U1-12
Added Net: Name=BTN3
Added Pin To Net: NetName=BTN4 Pin=R9-1
Added Pin To Net: NetName=BTN4 Pin=U1-13
Added Net: Name=BTN4
Added Pin To Net: NetName=BTN5 Pin=R10-1
Added Pin To Net: NetName=BTN5 Pin=U1-14
Added Net: Name=BTN5
Added Pin To Net: NetName=Buzzer Pin=R-2
Added Pin To Net: NetName=Buzzer Pin=U1-9
Added Net: Name=Buzzer
Added Pin To Net: NetName=DVBAT Pin=R14-2
Added Pin To Net: NetName=DVBAT Pin=R15-2
Added Pin To Net: NetName=DVBAT Pin=U1-19
Added Net: Name=DVBAT
Added Pin To Net: NetName=GND Pin=C1-2
Added Pin To Net: NetName=GND Pin=C2-1
Added Pin To Net: NetName=GND Pin=C3-1
Added Pin To Net: NetName=GND Pin=C4-2
Added Pin To Net: NetName=GND Pin=C5-1
Added Pin To Net: NetName=GND Pin=C6-1
Added Pin To Net: NetName=GND Pin=C7-2
Added Pin To Net: NetName=GND Pin=C8-1
Added Pin To Net: NetName=GND Pin=C9-1
Added Pin To Net: NetName=GND Pin=C10-1
Added Pin To Net: NetName=GND Pin=C11-1
Added Pin To Net: NetName=GND Pin=IC1-7
Added Pin To Net: NetName=GND Pin=IC1-18
Added Pin To Net: NetName=GND Pin=IC1-21
Added Pin To Net: NetName=GND Pin=IC1-25
Added Pin To Net: NetName=GND Pin=IC1-26
Added Pin To Net: NetName=GND Pin=J1-1
Added Pin To Net: NetName=GND Pin=J1-S1
Added Pin To Net: NetName=GND Pin=J1-S2
Added Pin To Net: NetName=GND Pin=J1-S3
Added Pin To Net: NetName=GND Pin=J2-1
Added Pin To Net: NetName=GND Pin=LED2-1
Added Pin To Net: NetName=GND Pin=LS1-N
Added Pin To Net: NetName=GND Pin=R15-1
Added Pin To Net: NetName=GND Pin=S1-1
Added Pin To Net: NetName=GND Pin=S2-1
Added Pin To Net: NetName=GND Pin=S3-1
Added Pin To Net: NetName=GND Pin=S4-1
Added Pin To Net: NetName=GND Pin=S5-1
Added Pin To Net: NetName=GND Pin=S6-1
Added Pin To Net: NetName=GND Pin=U1-3
Added Pin To Net: NetName=GND Pin=U1-5
Added Pin To Net: NetName=GND Pin=U1-21
Added Pin To Net: NetName=GND Pin=U2-1
Added Pin To Net: NetName=GND Pin=U3-1
Added Pin To Net: NetName=GND Pin=X1-2
Added Pin To Net: NetName=GND Pin=X1-4
Added Net: Name=GND
Added Pin To Net: NetName=Net_2 Pin=-2
Added Pin To Net: NetName=Net_2 Pin=IC1-2
Added Net: Name=Net_2
Added Pin To Net: NetName=NetD1_1 Pin=D1-1
Added Pin To Net: NetName=NetD1_1 Pin=R12-1
Added Net: Name=NetD1_1
Added Pin To Net: NetName=NetF1_1 Pin=F1-1
Added Pin To Net: NetName=NetF1_1 Pin=J1-5
Added Net: Name=NetF1_1
Added Pin To Net: NetName=NetIC1_15 Pin=IC1-15
Added Pin To Net: NetName=NetIC1_15 Pin=J1-3
Added Net: Name=NetIC1_15
Added Pin To Net: NetName=NetIC1_16 Pin=IC1-16
Added Pin To Net: NetName=NetIC1_16 Pin=J1-4
Added Net: Name=NetIC1_16
Added Pin To Net: NetName=NetIC1_22 Pin=IC1-22
Added Pin To Net: NetName=NetIC1_22 Pin=R13-2
Added Net: Name=NetIC1_22
Added Pin To Net: NetName=NetIC1_23 Pin=IC1-23
Added Pin To Net: NetName=NetIC1_23 Pin=R12-2
Added Net: Name=NetIC1_23
Added Pin To Net: NetName=NetLED1_1 Pin=LED1-1
Added Pin To Net: NetName=NetLED1_1 Pin=R13-1
Added Net: Name=NetLED1_1
Added Pin To Net: NetName=NetLED2_2 Pin=LED2-2
Added Pin To Net: NetName=NetLED2_2 Pin=R11-1
Added Net: Name=NetLED2_2
Added Pin To Net: NetName=NetLS1_P Pin=LS1-P
Added Pin To Net: NetName=NetLS1_P Pin=R-1
Added Net: Name=NetLS1_P
Added Pin To Net: NetName=NetR1_2 Pin=R1-2
Added Pin To Net: NetName=NetR1_2 Pin=U1-31
Added Net: Name=NetR1_2
Added Pin To Net: NetName=NetR2_2 Pin=R2-2
Added Pin To Net: NetName=NetR2_2 Pin=U1-30
Added Net: Name=NetR2_2
Added Pin To Net: NetName=NetR6_2 Pin=R6-2
Added Pin To Net: NetName=NetR6_2 Pin=S2-2
Added Net: Name=NetR6_2
Added Pin To Net: NetName=NetR7_2 Pin=R7-2
Added Pin To Net: NetName=NetR7_2 Pin=S3-2
Added Net: Name=NetR7_2
Added Pin To Net: NetName=NetR8_2 Pin=R8-2
Added Pin To Net: NetName=NetR8_2 Pin=S4-2
Added Net: Name=NetR8_2
Added Pin To Net: NetName=NetR9_2 Pin=R9-2
Added Pin To Net: NetName=NetR9_2 Pin=S5-2
Added Net: Name=NetR9_2
Added Pin To Net: NetName=NetR10_2 Pin=R10-2
Added Pin To Net: NetName=NetR10_2 Pin=S6-2
Added Net: Name=NetR10_2
Added Pin To Net: NetName=RESET Pin=-1
Added Pin To Net: NetName=RESET Pin=R5-2
Added Pin To Net: NetName=RESET Pin=S1-2
Added Pin To Net: NetName=RESET Pin=U1-29
Added Net: Name=RESET
Added Pin To Net: NetName=RX Pin=IC1-1
Added Pin To Net: NetName=RX Pin=R2-1
Added Net: Name=RX
Added Pin To Net: NetName=SCL Pin=R3-1
Added Pin To Net: NetName=SCL Pin=U1-28
Added Pin To Net: NetName=SCL Pin=U2-3
Added Net: Name=SCL
Added Pin To Net: NetName=SDA Pin=R4-1
Added Pin To Net: NetName=SDA Pin=U1-27
Added Pin To Net: NetName=SDA Pin=U2-4
Added Net: Name=SDA
Added Pin To Net: NetName=TX Pin=IC1-5
Added Pin To Net: NetName=TX Pin=R1-1
Added Net: Name=TX
Added Pin To Net: NetName=VIN Pin=J2-2
Added Pin To Net: NetName=VIN Pin=R14-1
Added Pin To Net: NetName=VIN Pin=U3-3
Added Net: Name=VIN
Added Pin To Net: NetName=VUSB Pin=C7-1
Added Pin To Net: NetName=VUSB Pin=C8-2
Added Pin To Net: NetName=VUSB Pin=CR1-2
Added Pin To Net: NetName=VUSB Pin=F1-2
Added Net: Name=VUSB
Added Pin To Net: NetName=XTAL1 Pin=C1-1
Added Pin To Net: NetName=XTAL1 Pin=U1-7
Added Pin To Net: NetName=XTAL1 Pin=X1-1
Added Net: Name=XTAL1
Added Pin To Net: NetName=XTAL2 Pin=C2-2
Added Pin To Net: NetName=XTAL2 Pin=U1-8
Added Pin To Net: NetName=XTAL2 Pin=X1-3
Added Net: Name=XTAL2
Added Class: Name=Sheet1
